<?xml version="1.0" encoding="UTF-8"?>
<testng-results ignored="0" total="1" passed="1" failed="0" skipped="0">
  <reporter-output>
  </reporter-output>
  <suite started-at="2024-06-07T07:09:33 IST" name="Default suite" finished-at="2024-06-07T07:09:33 IST" duration-ms="146">
    <groups>
    </groups>
    <test started-at="2024-06-07T07:09:33 IST" name="Default test" finished-at="2024-06-07T07:09:33 IST" duration-ms="146">
      <class name="gitDemo2.GitTestwithBranch">
        <test-method signature="f()[pri:0, instance:gitDemo2.GitTestwithBranch@4fb0f2b9]" started-at="2024-06-07T07:09:33 IST" name="f" finished-at="2024-06-07T07:09:33 IST" duration-ms="15" status="PASS">
          <reporter-output>
          </reporter-output>
        </test-method> <!-- f -->
      </class> <!-- gitDemo2.GitTestwithBranch -->
    </test> <!-- Default test -->
  </suite> <!-- Default suite -->
</testng-results>
